<?xml version="1.0" encoding="UTF-8"?>
<!-- Generated by org.testng.reporters.JUnitReportReporter -->
<testsuite hostname="Hp" failures="0" tests="1" name="com.service.OperationTest" time="0.012" errors="0" timestamp="2023-06-27T13:57:51 IST" skipped="0">
  <testcase classname="com.service.OperationTest" name="addTest" time="0.012"/>
  <system-out/>
</testsuite> <!-- com.service.OperationTest -->
