<?xml version="1.0" encoding="UTF-8"?>
<!-- Generated by org.testng.reporters.JUnitReportReporter -->
<testsuite hostname="Hp" failures="0" tests="1" name="com.service.BikeTest" time="0.005" errors="0" timestamp="2023-06-27T16:50:57 IST" skipped="0">
  <testcase classname="com.service.BikeTest" name="speedTest" time="0.005"/>
  <system-out/>
</testsuite> <!-- com.service.BikeTest -->
