<?xml version="1.0" encoding="UTF-8"?>
<!-- Generated by org.testng.reporters.JUnitReportReporter -->
<testsuite hostname="Hp" failures="0" tests="4" name="com.service.OperationTest" time="0.014" errors="0" timestamp="2023-06-27T14:31:38 IST" skipped="0">
  <testcase classname="com.service.OperationTest" name="divTest" time="0.001"/>
  <system-out/>
  <testcase classname="com.service.OperationTest" name="mulTest" time="0.001"/>
  <system-out/>
  <testcase classname="com.service.OperationTest" name="subTest" time="0.002"/>
  <system-out/>
  <testcase classname="com.service.OperationTest" name="addTest" time="0.010"/>
  <system-out/>
</testsuite> <!-- com.service.OperationTest -->
