<?xml version="1.0" encoding="UTF-8"?>
<!-- Generated by org.testng.reporters.JUnitReportReporter -->
<testsuite hostname="Hp" failures="0" tests="5" name="com.service.TestPriority" time="0.008" errors="0" timestamp="2023-06-27T15:21:53 IST" skipped="0">
  <testcase classname="com.service.TestPriority" name="e" time="0.001"/>
  <system-out/>
  <testcase classname="com.service.TestPriority" name="c" time="0.005"/>
  <system-out/>
  <testcase classname="com.service.TestPriority" name="a" time="0.000"/>
  <system-out/>
  <testcase classname="com.service.TestPriority" name="b" time="0.000"/>
  <system-out/>
  <testcase classname="com.service.TestPriority" name="f" time="0.002"/>
  <system-out/>
</testsuite> <!-- com.service.TestPriority -->
