<?xml version="1.0" encoding="UTF-8"?>
<!-- Generated by org.testng.reporters.JUnitReportReporter -->
<testsuite hostname="Hp" failures="0" tests="2" name="com.service.TestNGHook" time="0.005" errors="0" timestamp="2023-06-27T16:08:41 IST" skipped="0">
  <testcase classname="com.service.TestNGHook" name="test2" time="0.004"/>
  <system-out/>
  <testcase classname="com.service.TestNGHook" name="test1" time="0.001"/>
  <system-out/>
</testsuite> <!-- com.service.TestNGHook -->
