<?xml version="1.0" encoding="UTF-8"?>
<!-- Generated by org.testng.reporters.JUnitReportReporter -->
<testsuite hostname="Hp" failures="0" tests="3" name="com.service.EmployeeServiceTest" time="0.030" errors="0" timestamp="2023-06-27T16:45:30 IST" skipped="0">
  <testcase classname="com.service.EmployeeServiceTest" name="searchEmployeeTest" time="0.010"/>
  <system-out/>
  <testcase classname="com.service.EmployeeServiceTest" name="getAllEmployeeTest" time="0.010"/>
  <system-out/>
  <testcase classname="com.service.EmployeeServiceTest" name="storeEmployeeTest" time="0.010"/>
  <system-out/>
</testsuite> <!-- com.service.EmployeeServiceTest -->
