<?xml version="1.0" encoding="UTF-8"?>
<!-- Generated by org.testng.reporters.JUnitReportReporter -->
<testsuite hostname="Hp" failures="0" tests="4" name="com.test.LoginTest" time="0.111" errors="0" timestamp="2023-06-29T14:40:13 IST" skipped="3">
  <testcase classname="com.test.LoginTest" name="emptyEmailidField" time="0.111"/>
  <system-out/>
  <testcase classname="com.test.LoginTest" name="emptyPasswordField">
    <skipped/>
  </testcase> <!-- emptyPasswordField -->
  <system-out/>
  <testcase classname="com.test.LoginTest" name="loginPageSuccess">
    <skipped/>
  </testcase> <!-- loginPageSuccess -->
  <system-out/>
  <testcase classname="com.test.LoginTest" name="loginPageFailure">
    <skipped/>
  </testcase> <!-- loginPageFailure -->
  <system-out/>
</testsuite> <!-- com.test.LoginTest -->
