<?xml version="1.0" encoding="UTF-8"?>
<!-- Generated by org.testng.reporters.JUnitReportReporter -->
<testsuite hostname="Hp" failures="0" tests="1" name="com.test.LoginTest" time="0.686" errors="0" timestamp="2023-06-28T17:18:08 IST" skipped="0">
  <testcase classname="com.test.LoginTest" name="indexPageTest" time="0.686"/>
  <system-out/>
</testsuite> <!-- com.test.LoginTest -->
