<?xml version="1.0" encoding="UTF-8"?>
<!-- Generated by org.testng.reporters.JUnitReportReporter -->
<testsuite hostname="Hp" failures="0" tests="1" name="com.test.GooglePageTest" time="6.596" errors="0" timestamp="2023-06-29T15:20:22 IST" skipped="0">
  <testcase classname="com.test.GooglePageTest" name="googlePageTest" time="6.596"/>
  <system-out/>
</testsuite> <!-- com.test.GooglePageTest -->
